     1 00000000                                 [FORMAT "WCOFF"]
     2 00000000                                 [INSTRSET "i486p"]
     3 00000000                                 [OPTIMIZE 1]
     4 00000000                                 [OPTION 1]
     5 00000000                                 [BITS 32]
     6 00000000                                 	EXTERN	_boxfill8
     7 00000000                                 	EXTERN	_putfonts8_asc
     8 00000000                                 	EXTERN	_closebtn.0
     9 00000000                                 	EXTERN	_sheet_refresh
    10 00000000                                 [FILE "window.c"]
    11                                          [SECTION .data]
    12 00000000                                 _closebtn.0:
    13 00000000 4F 4F 4F 4F 4F 4F 4F 4F 4F 4F   	DB	"OOOOOOOOOOOOOOO@"
       0000000A 4F 4F 4F 4F 4F 40 
    14 00000010 4F 51 51 51 51 51 51 51 51 51   	DB	"OQQQQQQQQQQQQQ$@"
       0000001A 51 51 51 51 24 40 
    15 00000020 4F 51 51 51 51 51 51 51 51 51   	DB	"OQQQQQQQQQQQQQ$@"
       0000002A 51 51 51 51 24 40 
    16 00000030 4F 51 51 51 40 40 51 51 51 51   	DB	"OQQQ@@QQQQ@@QQ$@"
       0000003A 40 40 51 51 24 40 
    17 00000040 4F 51 51 51 51 40 40 51 51 40   	DB	"OQQQQ@@QQ@@QQQ$@"
       0000004A 40 51 51 51 24 40 
    18 00000050 4F 51 51 51 51 51 40 40 40 40   	DB	"OQQQQQ@@@@QQQQ$@"
       0000005A 51 51 51 51 24 40 
    19 00000060 4F 51 51 51 51 51 51 40 40 51   	DB	"OQQQQQQ@@QQQQQ$@"
       0000006A 51 51 51 51 24 40 
    20 00000070 4F 51 51 51 51 51 40 40 40 40   	DB	"OQQQQQ@@@@QQQQ$@"
       0000007A 51 51 51 51 24 40 
    21 00000080 4F 51 51 51 51 40 40 51 51 40   	DB	"OQQQQ@@QQ@@QQQ$@"
       0000008A 40 51 51 51 24 40 
    22 00000090 4F 51 51 51 40 40 51 51 51 51   	DB	"OQQQ@@QQQQ@@QQ$@"
       0000009A 40 40 51 51 24 40 
    23 000000A0 4F 51 51 51 51 51 51 51 51 51   	DB	"OQQQQQQQQQQQQQ$@"
       000000AA 51 51 51 51 24 40 
    24 000000B0 4F 51 51 51 51 51 51 51 51 51   	DB	"OQQQQQQQQQQQQQ$@"
       000000BA 51 51 51 51 24 40 
    25 000000C0 4F 24 24 24 24 24 24 24 24 24   	DB	"O$$$$$$$$$$$$$$@"
       000000CA 24 24 24 24 24 40 
    26 000000D0 40 40 40 40 40 40 40 40 40 40   	DB	"@@@@@@@@@@@@@@@@"
       000000DA 40 40 40 40 40 40 
    27                                          [SECTION .text]
    28 00000000                                 	GLOBAL	_make_window8
    29 00000000                                 _make_window8:
    30 00000000 55                              	PUSH	EBP
    31 00000001 89 E5                           	MOV	EBP,ESP
    32 00000003 57                              	PUSH	EDI
    33 00000004 56                              	PUSH	ESI
    34 00000005 53                              	PUSH	EBX
    35 00000006 83 EC 0C                        	SUB	ESP,12
    36 00000009 80 7D 18 00                     	CMP	BYTE [24+EBP],0
    37 0000000D 0F 84 00000180                  	JE	L2
    38 00000013 C6 45 EF 07                     	MOV	BYTE [-17+EBP],7
    39 00000017 C6 45 EE 0C                     	MOV	BYTE [-18+EBP],12
    40 0000001B                                 L3:
    41 0000001B 8B 45 0C                        	MOV	EAX,DWORD [12+EBP]
    42 0000001E 6A 00                           	PUSH	0
    43 00000020 48                              	DEC	EAX
    44 00000021 50                              	PUSH	EAX
    45 00000022 89 45 E8                        	MOV	DWORD [-24+EBP],EAX
    46 00000025 6A 00                           	PUSH	0
    47 00000027 6A 00                           	PUSH	0
    48 00000029 6A 08                           	PUSH	8
    49 0000002B FF 75 0C                        	PUSH	DWORD [12+EBP]
    50 0000002E FF 75 08                        	PUSH	DWORD [8+EBP]
    51 00000031 E8 [00000000]                   	CALL	_boxfill8
    52 00000036 8B 75 0C                        	MOV	ESI,DWORD [12+EBP]
    53 00000039 6A 01                           	PUSH	1
    54 0000003B 83 EE 02                        	SUB	ESI,2
    55 0000003E 56                              	PUSH	ESI
    56 0000003F 6A 01                           	PUSH	1
    57 00000041 6A 01                           	PUSH	1
    58 00000043 6A 07                           	PUSH	7
    59 00000045 FF 75 0C                        	PUSH	DWORD [12+EBP]
    60 00000048 FF 75 08                        	PUSH	DWORD [8+EBP]
    61 0000004B E8 [00000000]                   	CALL	_boxfill8
    62 00000050 8B 7D 10                        	MOV	EDI,DWORD [16+EBP]
    63 00000053 83 C4 38                        	ADD	ESP,56
    64 00000056 4F                              	DEC	EDI
    65 00000057 57                              	PUSH	EDI
    66 00000058 6A 00                           	PUSH	0
    67 0000005A 6A 00                           	PUSH	0
    68 0000005C 6A 00                           	PUSH	0
    69 0000005E 6A 08                           	PUSH	8
    70 00000060 FF 75 0C                        	PUSH	DWORD [12+EBP]
    71 00000063 FF 75 08                        	PUSH	DWORD [8+EBP]
    72 00000066 E8 [00000000]                   	CALL	_boxfill8
    73 0000006B 8B 5D 10                        	MOV	EBX,DWORD [16+EBP]
    74 0000006E 83 EB 02                        	SUB	EBX,2
    75 00000071 53                              	PUSH	EBX
    76 00000072 6A 01                           	PUSH	1
    77 00000074 6A 01                           	PUSH	1
    78 00000076 6A 01                           	PUSH	1
    79 00000078 6A 07                           	PUSH	7
    80 0000007A FF 75 0C                        	PUSH	DWORD [12+EBP]
    81 0000007D FF 75 08                        	PUSH	DWORD [8+EBP]
    82 00000080 E8 [00000000]                   	CALL	_boxfill8
    83 00000085 83 C4 38                        	ADD	ESP,56
    84 00000088 53                              	PUSH	EBX
    85 00000089 56                              	PUSH	ESI
    86 0000008A 6A 01                           	PUSH	1
    87 0000008C 56                              	PUSH	ESI
    88 0000008D 6A 0F                           	PUSH	15
    89 0000008F FF 75 0C                        	PUSH	DWORD [12+EBP]
    90 00000092 FF 75 08                        	PUSH	DWORD [8+EBP]
    91 00000095 E8 [00000000]                   	CALL	_boxfill8
    92 0000009A 57                              	PUSH	EDI
    93 0000009B FF 75 E8                        	PUSH	DWORD [-24+EBP]
    94 0000009E 6A 00                           	PUSH	0
    95 000000A0 FF 75 E8                        	PUSH	DWORD [-24+EBP]
    96 000000A3 6A 00                           	PUSH	0
    97 000000A5 FF 75 0C                        	PUSH	DWORD [12+EBP]
    98 000000A8 FF 75 08                        	PUSH	DWORD [8+EBP]
    99 000000AB E8 [00000000]                   	CALL	_boxfill8
   100 000000B0 8B 45 10                        	MOV	EAX,DWORD [16+EBP]
   101 000000B3 83 C4 38                        	ADD	ESP,56
   102 000000B6 83 E8 03                        	SUB	EAX,3
   103 000000B9 50                              	PUSH	EAX
   104 000000BA 8B 45 0C                        	MOV	EAX,DWORD [12+EBP]
   105 000000BD 83 E8 03                        	SUB	EAX,3
   106 000000C0 50                              	PUSH	EAX
   107 000000C1 6A 02                           	PUSH	2
   108 000000C3 6A 02                           	PUSH	2
   109 000000C5 6A 08                           	PUSH	8
   110 000000C7 FF 75 0C                        	PUSH	DWORD [12+EBP]
   111 000000CA FF 75 08                        	PUSH	DWORD [8+EBP]
   112 000000CD E8 [00000000]                   	CALL	_boxfill8
   113 000000D2 8B 45 0C                        	MOV	EAX,DWORD [12+EBP]
   114 000000D5 6A 14                           	PUSH	20
   115 000000D7 83 E8 04                        	SUB	EAX,4
   116 000000DA 50                              	PUSH	EAX
   117 000000DB 6A 03                           	PUSH	3
   118 000000DD 6A 03                           	PUSH	3
   119 000000DF 0F B6 45 EE                     	MOVZX	EAX,BYTE [-18+EBP]
   120 000000E3 50                              	PUSH	EAX
   121 000000E4 FF 75 0C                        	PUSH	DWORD [12+EBP]
   122 000000E7 FF 75 08                        	PUSH	DWORD [8+EBP]
   123 000000EA E8 [00000000]                   	CALL	_boxfill8
   124 000000EF 83 C4 38                        	ADD	ESP,56
   125 000000F2 53                              	PUSH	EBX
   126 000000F3 56                              	PUSH	ESI
   127 000000F4 53                              	PUSH	EBX
   128 000000F5 6A 01                           	PUSH	1
   129 000000F7 6A 0F                           	PUSH	15
   130 000000F9 FF 75 0C                        	PUSH	DWORD [12+EBP]
   131 000000FC FF 75 08                        	PUSH	DWORD [8+EBP]
   132 000000FF E8 [00000000]                   	CALL	_boxfill8
   133 00000104 57                              	PUSH	EDI
   134 00000105 FF 75 E8                        	PUSH	DWORD [-24+EBP]
   135 00000108 57                              	PUSH	EDI
   136 00000109 31 FF                           	XOR	EDI,EDI
   137 0000010B 6A 00                           	PUSH	0
   138 0000010D 6A 00                           	PUSH	0
   139 0000010F FF 75 0C                        	PUSH	DWORD [12+EBP]
   140 00000112 FF 75 08                        	PUSH	DWORD [8+EBP]
   141 00000115 E8 [00000000]                   	CALL	_boxfill8
   142 0000011A 83 C4 38                        	ADD	ESP,56
   143 0000011D FF 75 14                        	PUSH	DWORD [20+EBP]
   144 00000120 0F BE 45 EF                     	MOVSX	EAX,BYTE [-17+EBP]
   145 00000124 50                              	PUSH	EAX
   146 00000125 6A 04                           	PUSH	4
   147 00000127 6A 18                           	PUSH	24
   148 00000129 FF 75 0C                        	PUSH	DWORD [12+EBP]
   149 0000012C FF 75 08                        	PUSH	DWORD [8+EBP]
   150 0000012F E8 [00000000]                   	CALL	_putfonts8_asc
   151 00000134 83 C4 18                        	ADD	ESP,24
   152 00000137 6B 5D 0C 05                     	IMUL	EBX,DWORD [12+EBP],5
   153 0000013B C7 45 F0 00000000               	MOV	DWORD [-16+EBP],0
   154 00000142                                 L19:
   155 00000142 8B 45 0C                        	MOV	EAX,DWORD [12+EBP]
   156 00000145 8B 55 08                        	MOV	EDX,DWORD [8+EBP]
   157 00000148 01 D8                           	ADD	EAX,EBX
   158 0000014A 31 F6                           	XOR	ESI,ESI
   159 0000014C 8D 4C 02 EB                     	LEA	ECX,DWORD [-21+EDX+EAX*1]
   160 00000150                                 L18:
   161 00000150 8A 94 3E [00000000]             	MOV	DL,BYTE [_closebtn.0+ESI+EDI*1]
   162 00000157 80 FA 40                        	CMP	DL,64
   163 0000015A 74 33                           	JE	L24
   164 0000015C 80 FA 24                        	CMP	DL,36
   165 0000015F 74 2A                           	JE	L25
   166 00000161 80 FA 51                        	CMP	DL,81
   167 00000164 B2 08                           	MOV	DL,8
   168 00000166 0F 95 C0                        	SETNE	AL
   169 00000169 28 C2                           	SUB	DL,AL
   170 0000016B                                 L13:
   171 0000016B 46                              	INC	ESI
   172 0000016C 88 11                           	MOV	BYTE [ECX],DL
   173 0000016E 41                              	INC	ECX
   174 0000016F 83 FE 0F                        	CMP	ESI,15
   175 00000172 7E DC                           	JLE	L18
   176 00000174 FF 45 F0                        	INC	DWORD [-16+EBP]
   177 00000177 83 C7 10                        	ADD	EDI,16
   178 0000017A 03 5D 0C                        	ADD	EBX,DWORD [12+EBP]
   179 0000017D 83 7D F0 0D                     	CMP	DWORD [-16+EBP],13
   180 00000181 7E BF                           	JLE	L19
   181 00000183 8D 65 F4                        	LEA	ESP,DWORD [-12+EBP]
   182 00000186 5B                              	POP	EBX
   183 00000187 5E                              	POP	ESI
   184 00000188 5F                              	POP	EDI
   185 00000189 5D                              	POP	EBP
   186 0000018A C3                              	RET
   187 0000018B                                 L25:
   188 0000018B B2 0F                           	MOV	DL,15
   189 0000018D EB DC                           	JMP	L13
   190 0000018F                                 L24:
   191 0000018F 31 D2                           	XOR	EDX,EDX
   192 00000191 EB D8                           	JMP	L13
   193 00000193                                 L2:
   194 00000193 C6 45 EF 08                     	MOV	BYTE [-17+EBP],8
   195 00000197 C6 45 EE 0F                     	MOV	BYTE [-18+EBP],15
   196 0000019B E9 FFFFFE7B                     	JMP	L3
   197                                          [SECTION .data]
   198 000000E0                                 _closebtn.1:
   199 000000E0 4F 4F 4F 4F 4F 4F 4F 4F 4F 4F   	DB	"OOOOOOOOOOOOOOO@"
       000000EA 4F 4F 4F 4F 4F 40 
   200 000000F0 4F 51 51 51 51 51 51 51 51 51   	DB	"OQQQQQQQQQQQQQ$@"
       000000FA 51 51 51 51 24 40 
   201 00000100 4F 51 51 51 51 51 51 51 51 51   	DB	"OQQQQQQQQQQQQQ$@"
       0000010A 51 51 51 51 24 40 
   202 00000110 4F 51 51 51 40 40 51 51 51 51   	DB	"OQQQ@@QQQQ@@QQ$@"
       0000011A 40 40 51 51 24 40 
   203 00000120 4F 51 51 51 51 40 40 51 51 40   	DB	"OQQQQ@@QQ@@QQQ$@"
       0000012A 40 51 51 51 24 40 
   204 00000130 4F 51 51 51 51 51 40 40 40 40   	DB	"OQQQQQ@@@@QQQQ$@"
       0000013A 51 51 51 51 24 40 
   205 00000140 4F 51 51 51 51 51 51 40 40 51   	DB	"OQQQQQQ@@QQQQQ$@"
       0000014A 51 51 51 51 24 40 
   206 00000150 4F 51 51 51 51 51 40 40 40 40   	DB	"OQQQQQ@@@@QQQQ$@"
       0000015A 51 51 51 51 24 40 
   207 00000160 4F 51 51 51 51 40 40 51 51 40   	DB	"OQQQQ@@QQ@@QQQ$@"
       0000016A 40 51 51 51 24 40 
   208 00000170 4F 51 51 51 40 40 51 51 51 51   	DB	"OQQQ@@QQQQ@@QQ$@"
       0000017A 40 40 51 51 24 40 
   209 00000180 4F 51 51 51 51 51 51 51 51 51   	DB	"OQQQQQQQQQQQQQ$@"
       0000018A 51 51 51 51 24 40 
   210 00000190 4F 51 51 51 51 51 51 51 51 51   	DB	"OQQQQQQQQQQQQQ$@"
       0000019A 51 51 51 51 24 40 
   211 000001A0 4F 24 24 24 24 24 24 24 24 24   	DB	"O$$$$$$$$$$$$$$@"
       000001AA 24 24 24 24 24 40 
   212 000001B0 40 40 40 40 40 40 40 40 40 40   	DB	"@@@@@@@@@@@@@@@@"
       000001BA 40 40 40 40 40 40 
   213                                          [SECTION .text]
   214 000001A0                                 	GLOBAL	_make_wtitle8
   215 000001A0                                 _make_wtitle8:
   216 000001A0 55                              	PUSH	EBP
   217 000001A1 89 E5                           	MOV	EBP,ESP
   218 000001A3 57                              	PUSH	EDI
   219 000001A4 56                              	PUSH	ESI
   220 000001A5 53                              	PUSH	EBX
   221 000001A6 50                              	PUSH	EAX
   222 000001A7 80 7D 14 00                     	CMP	BYTE [20+EBP],0
   223 000001AB 0F 84 00000097                  	JE	L27
   224 000001B1 B3 07                           	MOV	BL,7
   225 000001B3 B2 0C                           	MOV	DL,12
   226 000001B5                                 L28:
   227 000001B5 8B 45 0C                        	MOV	EAX,DWORD [12+EBP]
   228 000001B8 6A 14                           	PUSH	20
   229 000001BA 83 E8 04                        	SUB	EAX,4
   230 000001BD 31 FF                           	XOR	EDI,EDI
   231 000001BF 50                              	PUSH	EAX
   232 000001C0 6A 03                           	PUSH	3
   233 000001C2 6A 03                           	PUSH	3
   234 000001C4 0F B6 C2                        	MOVZX	EAX,DL
   235 000001C7 50                              	PUSH	EAX
   236 000001C8 FF 75 0C                        	PUSH	DWORD [12+EBP]
   237 000001CB FF 75 08                        	PUSH	DWORD [8+EBP]
   238 000001CE E8 [00000000]                   	CALL	_boxfill8
   239 000001D3 FF 75 10                        	PUSH	DWORD [16+EBP]
   240 000001D6 0F BE C3                        	MOVSX	EAX,BL
   241 000001D9 50                              	PUSH	EAX
   242 000001DA 6A 04                           	PUSH	4
   243 000001DC 6A 18                           	PUSH	24
   244 000001DE FF 75 0C                        	PUSH	DWORD [12+EBP]
   245 000001E1 FF 75 08                        	PUSH	DWORD [8+EBP]
   246 000001E4 E8 [00000000]                   	CALL	_putfonts8_asc
   247 000001E9 83 C4 34                        	ADD	ESP,52
   248 000001EC 6B 5D 0C 05                     	IMUL	EBX,DWORD [12+EBP],5
   249 000001F0 C7 45 F0 00000000               	MOV	DWORD [-16+EBP],0
   250 000001F7                                 L44:
   251 000001F7 8B 45 0C                        	MOV	EAX,DWORD [12+EBP]
   252 000001FA 8B 55 08                        	MOV	EDX,DWORD [8+EBP]
   253 000001FD 01 D8                           	ADD	EAX,EBX
   254 000001FF 31 F6                           	XOR	ESI,ESI
   255 00000201 8D 4C 02 EB                     	LEA	ECX,DWORD [-21+EDX+EAX*1]
   256 00000205                                 L43:
   257 00000205 8A 94 3E [000000E0]             	MOV	DL,BYTE [_closebtn.1+ESI+EDI*1]
   258 0000020C 80 FA 40                        	CMP	DL,64
   259 0000020F 74 33                           	JE	L49
   260 00000211 80 FA 24                        	CMP	DL,36
   261 00000214 74 2A                           	JE	L50
   262 00000216 80 FA 51                        	CMP	DL,81
   263 00000219 B2 08                           	MOV	DL,8
   264 0000021B 0F 95 C0                        	SETNE	AL
   265 0000021E 28 C2                           	SUB	DL,AL
   266 00000220                                 L38:
   267 00000220 46                              	INC	ESI
   268 00000221 88 11                           	MOV	BYTE [ECX],DL
   269 00000223 41                              	INC	ECX
   270 00000224 83 FE 0F                        	CMP	ESI,15
   271 00000227 7E DC                           	JLE	L43
   272 00000229 FF 45 F0                        	INC	DWORD [-16+EBP]
   273 0000022C 83 C7 10                        	ADD	EDI,16
   274 0000022F 03 5D 0C                        	ADD	EBX,DWORD [12+EBP]
   275 00000232 83 7D F0 0D                     	CMP	DWORD [-16+EBP],13
   276 00000236 7E BF                           	JLE	L44
   277 00000238 8D 65 F4                        	LEA	ESP,DWORD [-12+EBP]
   278 0000023B 5B                              	POP	EBX
   279 0000023C 5E                              	POP	ESI
   280 0000023D 5F                              	POP	EDI
   281 0000023E 5D                              	POP	EBP
   282 0000023F C3                              	RET
   283 00000240                                 L50:
   284 00000240 B2 0F                           	MOV	DL,15
   285 00000242 EB DC                           	JMP	L38
   286 00000244                                 L49:
   287 00000244 31 D2                           	XOR	EDX,EDX
   288 00000246 EB D8                           	JMP	L38
   289 00000248                                 L27:
   290 00000248 B3 08                           	MOV	BL,8
   291 0000024A B2 0F                           	MOV	DL,15
   292 0000024C E9 FFFFFF64                     	JMP	L28
   293 00000251                                 	GLOBAL	_putfonts8_asc_sht
   294 00000251                                 _putfonts8_asc_sht:
   295 00000251 55                              	PUSH	EBP
   296 00000252 89 E5                           	MOV	EBP,ESP
   297 00000254 57                              	PUSH	EDI
   298 00000255 56                              	PUSH	ESI
   299 00000256 53                              	PUSH	EBX
   300 00000257 83 EC 0C                        	SUB	ESP,12
   301 0000025A 8B 45 08                        	MOV	EAX,DWORD [8+EBP]
   302 0000025D 8B 7D 10                        	MOV	EDI,DWORD [16+EBP]
   303 00000260 89 45 F0                        	MOV	DWORD [-16+EBP],EAX
   304 00000263 8B 5D 14                        	MOV	EBX,DWORD [20+EBP]
   305 00000266 8B 45 0C                        	MOV	EAX,DWORD [12+EBP]
   306 00000269 89 45 EC                        	MOV	DWORD [-20+EBP],EAX
   307 0000026C 8B 45 1C                        	MOV	EAX,DWORD [28+EBP]
   308 0000026F 89 45 E8                        	MOV	DWORD [-24+EBP],EAX
   309 00000272 8D 47 0F                        	LEA	EAX,DWORD [15+EDI]
   310 00000275 50                              	PUSH	EAX
   311 00000276 8B 45 EC                        	MOV	EAX,DWORD [-20+EBP]
   312 00000279 8B 75 20                        	MOV	ESI,DWORD [32+EBP]
   313 0000027C 0F BE DB                        	MOVSX	EBX,BL
   314 0000027F 8D 34 F0                        	LEA	ESI,DWORD [EAX+ESI*8]
   315 00000282 8D 46 FF                        	LEA	EAX,DWORD [-1+ESI]
   316 00000285 50                              	PUSH	EAX
   317 00000286 57                              	PUSH	EDI
   318 00000287 FF 75 EC                        	PUSH	DWORD [-20+EBP]
   319 0000028A 0F B6 45 18                     	MOVZX	EAX,BYTE [24+EBP]
   320 0000028E 50                              	PUSH	EAX
   321 0000028F 8B 45 F0                        	MOV	EAX,DWORD [-16+EBP]
   322 00000292 FF 70 04                        	PUSH	DWORD [4+EAX]
   323 00000295 FF 30                           	PUSH	DWORD [EAX]
   324 00000297 E8 [00000000]                   	CALL	_boxfill8
   325 0000029C FF 75 E8                        	PUSH	DWORD [-24+EBP]
   326 0000029F 53                              	PUSH	EBX
   327 000002A0 57                              	PUSH	EDI
   328 000002A1 FF 75 EC                        	PUSH	DWORD [-20+EBP]
   329 000002A4 8B 45 F0                        	MOV	EAX,DWORD [-16+EBP]
   330 000002A7 FF 70 04                        	PUSH	DWORD [4+EAX]
   331 000002AA FF 30                           	PUSH	DWORD [EAX]
   332 000002AC E8 [00000000]                   	CALL	_putfonts8_asc
   333 000002B1 89 7D 10                        	MOV	DWORD [16+EBP],EDI
   334 000002B4 8D 47 10                        	LEA	EAX,DWORD [16+EDI]
   335 000002B7 89 75 14                        	MOV	DWORD [20+EBP],ESI
   336 000002BA 89 45 18                        	MOV	DWORD [24+EBP],EAX
   337 000002BD 83 C4 34                        	ADD	ESP,52
   338 000002C0 8B 45 EC                        	MOV	EAX,DWORD [-20+EBP]
   339 000002C3 89 45 0C                        	MOV	DWORD [12+EBP],EAX
   340 000002C6 8B 45 F0                        	MOV	EAX,DWORD [-16+EBP]
   341 000002C9 89 45 08                        	MOV	DWORD [8+EBP],EAX
   342 000002CC 8D 65 F4                        	LEA	ESP,DWORD [-12+EBP]
   343 000002CF 5B                              	POP	EBX
   344 000002D0 5E                              	POP	ESI
   345 000002D1 5F                              	POP	EDI
   346 000002D2 5D                              	POP	EBP
   347 000002D3 E9 [00000000]                   	JMP	_sheet_refresh
   348 000002D8                                 	GLOBAL	_make_textbox8
   349 000002D8                                 _make_textbox8:
   350 000002D8 55                              	PUSH	EBP
   351 000002D9 89 E5                           	MOV	EBP,ESP
   352 000002DB 57                              	PUSH	EDI
   353 000002DC 56                              	PUSH	ESI
   354 000002DD 53                              	PUSH	EBX
   355 000002DE 83 EC 14                        	SUB	ESP,20
   356 000002E1 8B 45 0C                        	MOV	EAX,DWORD [12+EBP]
   357 000002E4 8B 75 10                        	MOV	ESI,DWORD [16+EBP]
   358 000002E7 03 45 14                        	ADD	EAX,DWORD [20+EBP]
   359 000002EA 83 EE 03                        	SUB	ESI,3
   360 000002ED 56                              	PUSH	ESI
   361 000002EE 89 45 F0                        	MOV	DWORD [-16+EBP],EAX
   362 000002F1 8B 45 10                        	MOV	EAX,DWORD [16+EBP]
   363 000002F4 03 45 18                        	ADD	EAX,DWORD [24+EBP]
   364 000002F7 89 45 EC                        	MOV	DWORD [-20+EBP],EAX
   365 000002FA 8B 45 F0                        	MOV	EAX,DWORD [-16+EBP]
   366 000002FD 40                              	INC	EAX
   367 000002FE 50                              	PUSH	EAX
   368 000002FF 89 45 E8                        	MOV	DWORD [-24+EBP],EAX
   369 00000302 8B 45 0C                        	MOV	EAX,DWORD [12+EBP]
   370 00000305 56                              	PUSH	ESI
   371 00000306 83 E8 02                        	SUB	EAX,2
   372 00000309 50                              	PUSH	EAX
   373 0000030A 89 45 E4                        	MOV	DWORD [-28+EBP],EAX
   374 0000030D 8B 45 08                        	MOV	EAX,DWORD [8+EBP]
   375 00000310 6A 0F                           	PUSH	15
   376 00000312 FF 70 04                        	PUSH	DWORD [4+EAX]
   377 00000315 FF 30                           	PUSH	DWORD [EAX]
   378 00000317 E8 [00000000]                   	CALL	_boxfill8
   379 0000031C 8B 7D 0C                        	MOV	EDI,DWORD [12+EBP]
   380 0000031F 8B 45 EC                        	MOV	EAX,DWORD [-20+EBP]
   381 00000322 83 EF 03                        	SUB	EDI,3
   382 00000325 40                              	INC	EAX
   383 00000326 50                              	PUSH	EAX
   384 00000327 89 45 E0                        	MOV	DWORD [-32+EBP],EAX
   385 0000032A 57                              	PUSH	EDI
   386 0000032B 8B 45 08                        	MOV	EAX,DWORD [8+EBP]
   387 0000032E 56                              	PUSH	ESI
   388 0000032F 57                              	PUSH	EDI
   389 00000330 6A 0F                           	PUSH	15
   390 00000332 FF 70 04                        	PUSH	DWORD [4+EAX]
   391 00000335 FF 30                           	PUSH	DWORD [EAX]
   392 00000337 E8 [00000000]                   	CALL	_boxfill8
   393 0000033C 8B 45 08                        	MOV	EAX,DWORD [8+EBP]
   394 0000033F 83 C4 38                        	ADD	ESP,56
   395 00000342 8B 5D EC                        	MOV	EBX,DWORD [-20+EBP]
   396 00000345 83 C3 02                        	ADD	EBX,2
   397 00000348 53                              	PUSH	EBX
   398 00000349 FF 75 E8                        	PUSH	DWORD [-24+EBP]
   399 0000034C 53                              	PUSH	EBX
   400 0000034D 57                              	PUSH	EDI
   401 0000034E 6A 07                           	PUSH	7
   402 00000350 FF 70 04                        	PUSH	DWORD [4+EAX]
   403 00000353 FF 30                           	PUSH	DWORD [EAX]
   404 00000355 E8 [00000000]                   	CALL	_boxfill8
   405 0000035A 8B 45 F0                        	MOV	EAX,DWORD [-16+EBP]
   406 0000035D 53                              	PUSH	EBX
   407 0000035E 83 C0 02                        	ADD	EAX,2
   408 00000361 50                              	PUSH	EAX
   409 00000362 56                              	PUSH	ESI
   410 00000363 50                              	PUSH	EAX
   411 00000364 8B 45 08                        	MOV	EAX,DWORD [8+EBP]
   412 00000367 6A 07                           	PUSH	7
   413 00000369 FF 70 04                        	PUSH	DWORD [4+EAX]
   414 0000036C FF 30                           	PUSH	DWORD [EAX]
   415 0000036E E8 [00000000]                   	CALL	_boxfill8
   416 00000373 8B 45 08                        	MOV	EAX,DWORD [8+EBP]
   417 00000376 83 C4 38                        	ADD	ESP,56
   418 00000379 8B 5D 10                        	MOV	EBX,DWORD [16+EBP]
   419 0000037C 83 EB 02                        	SUB	EBX,2
   420 0000037F 8B 7D 0C                        	MOV	EDI,DWORD [12+EBP]
   421 00000382 53                              	PUSH	EBX
   422 00000383 4F                              	DEC	EDI
   423 00000384 FF 75 F0                        	PUSH	DWORD [-16+EBP]
   424 00000387 53                              	PUSH	EBX
   425 00000388 57                              	PUSH	EDI
   426 00000389 6A 00                           	PUSH	0
   427 0000038B FF 70 04                        	PUSH	DWORD [4+EAX]
   428 0000038E FF 30                           	PUSH	DWORD [EAX]
   429 00000390 E8 [00000000]                   	CALL	_boxfill8
   430 00000395 8B 45 08                        	MOV	EAX,DWORD [8+EBP]
   431 00000398 FF 75 EC                        	PUSH	DWORD [-20+EBP]
   432 0000039B FF 75 E4                        	PUSH	DWORD [-28+EBP]
   433 0000039E 53                              	PUSH	EBX
   434 0000039F FF 75 E4                        	PUSH	DWORD [-28+EBP]
   435 000003A2 6A 00                           	PUSH	0
   436 000003A4 FF 70 04                        	PUSH	DWORD [4+EAX]
   437 000003A7 FF 30                           	PUSH	DWORD [EAX]
   438 000003A9 E8 [00000000]                   	CALL	_boxfill8
   439 000003AE 8B 45 08                        	MOV	EAX,DWORD [8+EBP]
   440 000003B1 83 C4 38                        	ADD	ESP,56
   441 000003B4 FF 75 E0                        	PUSH	DWORD [-32+EBP]
   442 000003B7 FF 75 F0                        	PUSH	DWORD [-16+EBP]
   443 000003BA FF 75 E0                        	PUSH	DWORD [-32+EBP]
   444 000003BD FF 75 E4                        	PUSH	DWORD [-28+EBP]
   445 000003C0 6A 08                           	PUSH	8
   446 000003C2 FF 70 04                        	PUSH	DWORD [4+EAX]
   447 000003C5 FF 30                           	PUSH	DWORD [EAX]
   448 000003C7 E8 [00000000]                   	CALL	_boxfill8
   449 000003CC 8B 45 08                        	MOV	EAX,DWORD [8+EBP]
   450 000003CF FF 75 E0                        	PUSH	DWORD [-32+EBP]
   451 000003D2 FF 75 E8                        	PUSH	DWORD [-24+EBP]
   452 000003D5 53                              	PUSH	EBX
   453 000003D6 FF 75 E8                        	PUSH	DWORD [-24+EBP]
   454 000003D9 6A 08                           	PUSH	8
   455 000003DB FF 70 04                        	PUSH	DWORD [4+EAX]
   456 000003DE FF 30                           	PUSH	DWORD [EAX]
   457 000003E0 E8 [00000000]                   	CALL	_boxfill8
   458 000003E5 8B 45 10                        	MOV	EAX,DWORD [16+EBP]
   459 000003E8 83 C4 38                        	ADD	ESP,56
   460 000003EB 48                              	DEC	EAX
   461 000003EC FF 75 EC                        	PUSH	DWORD [-20+EBP]
   462 000003EF FF 75 F0                        	PUSH	DWORD [-16+EBP]
   463 000003F2 50                              	PUSH	EAX
   464 000003F3 57                              	PUSH	EDI
   465 000003F4 0F B6 45 1C                     	MOVZX	EAX,BYTE [28+EBP]
   466 000003F8 50                              	PUSH	EAX
   467 000003F9 8B 45 08                        	MOV	EAX,DWORD [8+EBP]
   468 000003FC FF 70 04                        	PUSH	DWORD [4+EAX]
   469 000003FF FF 30                           	PUSH	DWORD [EAX]
   470 00000401 E8 [00000000]                   	CALL	_boxfill8
   471 00000406 8D 65 F4                        	LEA	ESP,DWORD [-12+EBP]
   472 00000409 5B                              	POP	EBX
   473 0000040A 5E                              	POP	ESI
   474 0000040B 5F                              	POP	EDI
   475 0000040C 5D                              	POP	EBP
   476 0000040D C3                              	RET
   477 0000040E                                 	GLOBAL	_change_wtitle8
   478 0000040E                                 _change_wtitle8:
   479 0000040E 55                              	PUSH	EBP
   480 0000040F 89 E5                           	MOV	EBP,ESP
   481 00000411 57                              	PUSH	EDI
   482 00000412 56                              	PUSH	ESI
   483 00000413 53                              	PUSH	EBX
   484 00000414 83 EC 14                        	SUB	ESP,20
   485 00000417 8B 45 08                        	MOV	EAX,DWORD [8+EBP]
   486 0000041A 80 7D 0C 00                     	CMP	BYTE [12+EBP],0
   487 0000041E 8B 10                           	MOV	EDX,DWORD [EAX]
   488 00000420 8B 48 04                        	MOV	ECX,DWORD [4+EAX]
   489 00000423 89 55 E4                        	MOV	DWORD [-28+EBP],EDX
   490 00000426 0F 84 00000088                  	JE	L54
   491 0000042C C6 45 EB 07                     	MOV	BYTE [-21+EBP],7
   492 00000430 C6 45 EA 0C                     	MOV	BYTE [-22+EBP],12
   493 00000434 C6 45 E9 08                     	MOV	BYTE [-23+EBP],8
   494 00000438 C6 45 E8 0F                     	MOV	BYTE [-24+EBP],15
   495 0000043C                                 L55:
   496 0000043C 6B F9 03                        	IMUL	EDI,ECX,3
   497 0000043F C7 45 EC 00000011               	MOV	DWORD [-20+EBP],17
   498 00000446 89 7D E0                        	MOV	DWORD [-32+EBP],EDI
   499 00000449                                 L68:
   500 00000449 C7 45 F0 00000003               	MOV	DWORD [-16+EBP],3
   501 00000450 8D 41 FC                        	LEA	EAX,DWORD [-4+ECX]
   502 00000453 39 45 F0                        	CMP	DWORD [-16+EBP],EAX
   503 00000456 7F 29                           	JG	L72
   504 00000458 8B 45 E4                        	MOV	EAX,DWORD [-28+EBP]
   505 0000045B 8B 55 E0                        	MOV	EDX,DWORD [-32+EBP]
   506 0000045E 8D 74 38 03                     	LEA	ESI,DWORD [3+EAX+EDI*1]
   507 00000462 8D 5C 10 03                     	LEA	EBX,DWORD [3+EAX+EDX*1]
   508 00000466                                 L67:
   509 00000466 8A 13                           	MOV	DL,BYTE [EBX]
   510 00000468 3A 55 E9                        	CMP	DL,BYTE [-23+EBP]
   511 0000046B 74 3A                           	JE	L73
   512 0000046D                                 L64:
   513 0000046D 3A 55 E8                        	CMP	DL,BYTE [-24+EBP]
   514 00000470 74 30                           	JE	L74
   515 00000472                                 L65:
   516 00000472 88 16                           	MOV	BYTE [ESI],DL
   517 00000474 8D 41 FC                        	LEA	EAX,DWORD [-4+ECX]
   518 00000477 FF 45 F0                        	INC	DWORD [-16+EBP]
   519 0000047A 46                              	INC	ESI
   520 0000047B 43                              	INC	EBX
   521 0000047C 39 45 F0                        	CMP	DWORD [-16+EBP],EAX
   522 0000047F 7E E5                           	JLE	L67
   523 00000481                                 L72:
   524 00000481 01 CF                           	ADD	EDI,ECX
   525 00000483 01 4D E0                        	ADD	DWORD [-32+EBP],ECX
   526 00000486 FF 4D EC                        	DEC	DWORD [-20+EBP]
   527 00000489 79 BE                           	JNS	L68
   528 0000048B 6A 15                           	PUSH	21
   529 0000048D 51                              	PUSH	ECX
   530 0000048E 6A 03                           	PUSH	3
   531 00000490 6A 03                           	PUSH	3
   532 00000492 FF 75 08                        	PUSH	DWORD [8+EBP]
   533 00000495 E8 [00000000]                   	CALL	_sheet_refresh
   534 0000049A 8D 65 F4                        	LEA	ESP,DWORD [-12+EBP]
   535 0000049D 5B                              	POP	EBX
   536 0000049E 5E                              	POP	ESI
   537 0000049F 5F                              	POP	EDI
   538 000004A0 5D                              	POP	EBP
   539 000004A1 C3                              	RET
   540 000004A2                                 L74:
   541 000004A2 8A 55 EA                        	MOV	DL,BYTE [-22+EBP]
   542 000004A5 EB CB                           	JMP	L65
   543 000004A7                                 L73:
   544 000004A7 8D 41 EA                        	LEA	EAX,DWORD [-22+ECX]
   545 000004AA 39 45 F0                        	CMP	DWORD [-16+EBP],EAX
   546 000004AD 7F BE                           	JG	L64
   547 000004AF 8A 55 EB                        	MOV	DL,BYTE [-21+EBP]
   548 000004B2 EB BE                           	JMP	L65
   549 000004B4                                 L54:
   550 000004B4 C6 45 EB 08                     	MOV	BYTE [-21+EBP],8
   551 000004B8 C6 45 EA 0F                     	MOV	BYTE [-22+EBP],15
   552 000004BC C6 45 E9 07                     	MOV	BYTE [-23+EBP],7
   553 000004C0 C6 45 E8 0C                     	MOV	BYTE [-24+EBP],12
   554 000004C4 E9 FFFFFF73                     	JMP	L55
